<?xml version="1.0" encoding="UTF-8" ?>
<testsuite tests="4" failures="0" name="com.juvenxu.mvnbook.account.persist.AccountPersistServiceTest" time="0.4" errors="0" skipped="0">
  <properties>
[...]
</properties>
  <testcase classname="com.juvenxu.mvnbook.account.persist.AccountPersistServiceTest" name="testDeleteAccount" time="0.317"/>
  <testcase classname="com.juvenxu.mvnbook.account.persist.AccountPersistServiceTest" name="testReadAccount" time="0.03"/>
  <testcase classname="com.juvenxu.mvnbook.account.persist.AccountPersistServiceTest" name="testUpdateAccount" time="0.028"/>
  <testcase classname="com.juvenxu.mvnbook.account.persist.AccountPersistServiceTest" name="testCreateAccount" time="0.025"/>
</testsuite>